[2m2022-11-14 15:40:19.270[0;39m [32m INFO[0;39m [35m1088[0;39m [2m---[0;39m [2m[           main][0;39m [36mo.s.b.w.embedded.tomcat.TomcatWebServer [0;39m [2m:[0;39m Tomcat initialized with port(s): 9999 (http)
[2m2022-11-14 15:40:19.349[0;39m [32m INFO[0;39m [35m1088[0;39m [2m---[0;39m [2m[           main][0;39m [36mw.s.c.ServletWebServerApplicationContext[0;39m [2m:[0;39m Root WebApplicationContext: initialization completed in 856 ms
[2m2022-11-14 15:40:19.988[0;39m [32m INFO[0;39m [35m1088[0;39m [2m---[0;39m [2m[           main][0;39m [36mo.s.b.w.embedded.tomcat.TomcatWebServer [0;39m [2m:[0;39m Tomcat started on port(s): 9999 (http) with context path '/vue'
[2m2022-11-14 15:40:34.511[0;39m [32m INFO[0;39m [35m1088[0;39m [2m---[0;39m [2m[nio-9999-exec-2][0;39m [36mo.s.web.servlet.DispatcherServlet       [0;39m [2m:[0;39m Initializing Servlet 'dispatcherServlet'
[2m2022-11-14 15:40:34.512[0;39m [32m INFO[0;39m [35m1088[0;39m [2m---[0;39m [2m[nio-9999-exec-2][0;39m [36mo.s.web.servlet.DispatcherServlet       [0;39m [2m:[0;39m Completed initialization in 1 ms
[2m2022-11-14 15:40:34.539[0;39m [32m INFO[0;39m [35m1088[0;39m [2m---[0;39m [2m[nio-9999-exec-2][0;39m [36mc.ssafy.vue.controller.BoardController  [0;39m [2m:[0;39m listArticle - 호출
[2m2022-11-14 15:40:36.881[0;39m [32m INFO[0;39m [35m1088[0;39m [2m---[0;39m [2m[nio-9999-exec-1][0;39m [36mc.ssafy.vue.controller.BoardController  [0;39m [2m:[0;39m getArticle - 호출 : 4
[2m2022-11-14 15:40:37.780[0;39m [32m INFO[0;39m [35m1088[0;39m [2m---[0;39m [2m[nio-9999-exec-3][0;39m [36mc.ssafy.vue.controller.BoardController  [0;39m [2m:[0;39m listArticle - 호출
[2m2022-11-14 15:40:51.110[0;39m [32m INFO[0;39m [35m1088[0;39m [2m---[0;39m [2m[nio-9999-exec-4][0;39m [36mc.s.vue.controller.HouseMapController   [0;39m [2m:[0;39m sido - 호출
[2m2022-11-14 15:40:53.098[0;39m [32m INFO[0;39m [35m1088[0;39m [2m---[0;39m [2m[nio-9999-exec-5][0;39m [36mc.s.vue.controller.HouseMapController   [0;39m [2m:[0;39m gugun - 호출
[2m2022-11-14 15:50:47.565[0;39m [32m INFO[0;39m [35m1088[0;39m [2m---[0;39m [2m[nio-9999-exec-7][0;39m [36mc.ssafy.vue.controller.BoardController  [0;39m [2m:[0;39m listArticle - 호출
[2m2022-11-14 15:50:49.412[0;39m [32m INFO[0;39m [35m1088[0;39m [2m---[0;39m [2m[nio-9999-exec-8][0;39m [36mc.ssafy.vue.controller.BoardController  [0;39m [2m:[0;39m getArticle - 호출 : 4
[2m2022-11-14 15:50:52.024[0;39m [32m INFO[0;39m [35m1088[0;39m [2m---[0;39m [2m[nio-9999-exec-9][0;39m [36mc.ssafy.vue.controller.BoardController  [0;39m [2m:[0;39m getArticle - 호출 : 4
[2m2022-11-14 15:50:54.716[0;39m [32m INFO[0;39m [35m1088[0;39m [2m---[0;39m [2m[io-9999-exec-10][0;39m [36mc.ssafy.vue.controller.BoardController  [0;39m [2m:[0;39m listArticle - 호출
[2m2022-11-14 16:24:41.002[0;39m [32m INFO[0;39m [35m1088[0;39m [2m---[0;39m [2m[nio-9999-exec-1][0;39m [36mc.s.vue.controller.HouseMapController   [0;39m [2m:[0;39m gugun - 호출
[2m2022-11-14 16:24:45.633[0;39m [32m INFO[0;39m [35m1088[0;39m [2m---[0;39m [2m[nio-9999-exec-3][0;39m [36mc.s.vue.controller.HouseMapController   [0;39m [2m:[0;39m gugun - 호출
[2m2022-11-14 16:24:54.228[0;39m [32m INFO[0;39m [35m1088[0;39m [2m---[0;39m [2m[nio-9999-exec-4][0;39m [36mc.s.vue.controller.HouseMapController   [0;39m [2m:[0;39m gugun - 호출
[2m2022-11-14 16:24:58.285[0;39m [32m INFO[0;39m [35m1088[0;39m [2m---[0;39m [2m[nio-9999-exec-5][0;39m [36mc.s.vue.controller.HouseMapController   [0;39m [2m:[0;39m sido - 호출
[2m2022-11-14 16:24:59.560[0;39m [32m INFO[0;39m [35m1088[0;39m [2m---[0;39m [2m[nio-9999-exec-6][0;39m [36mc.s.vue.controller.HouseMapController   [0;39m [2m:[0;39m gugun - 호출
[2m2022-11-14 16:25:13.982[0;39m [32m INFO[0;39m [35m1088[0;39m [2m---[0;39m [2m[nio-9999-exec-7][0;39m [36mc.s.vue.controller.HouseMapController   [0;39m [2m:[0;39m gugun - 호출
[2m2022-11-14 16:27:12.938[0;39m [32m INFO[0;39m [35m1088[0;39m [2m---[0;39m [2m[nio-9999-exec-9][0;39m [36mc.s.vue.controller.HouseMapController   [0;39m [2m:[0;39m sido - 호출
[2m2022-11-14 16:27:29.097[0;39m [32m INFO[0;39m [35m1088[0;39m [2m---[0;39m [2m[io-9999-exec-10][0;39m [36mc.s.vue.controller.HouseMapController   [0;39m [2m:[0;39m sido - 호출
[2m2022-11-14 16:27:32.915[0;39m [32m INFO[0;39m [35m1088[0;39m [2m---[0;39m [2m[nio-9999-exec-2][0;39m [36mc.s.vue.controller.HouseMapController   [0;39m [2m:[0;39m sido - 호출
[2m2022-11-14 16:30:45.520[0;39m [32m INFO[0;39m [35m1088[0;39m [2m---[0;39m [2m[nio-9999-exec-3][0;39m [36mc.s.vue.controller.HouseMapController   [0;39m [2m:[0;39m sido - 호출
[2m2022-11-14 16:47:58.691[0;39m [32m INFO[0;39m [35m1088[0;39m [2m---[0;39m [2m[nio-9999-exec-5][0;39m [36mc.s.vue.controller.HouseMapController   [0;39m [2m:[0;39m sido - 호출
[2m2022-11-14 16:48:00.291[0;39m [32m INFO[0;39m [35m1088[0;39m [2m---[0;39m [2m[nio-9999-exec-6][0;39m [36mc.s.vue.controller.HouseMapController   [0;39m [2m:[0;39m gugun - 호출
[2m2022-11-14 18:00:56.217[0;39m [32m INFO[0;39m [35m1088[0;39m [2m---[0;39m [2m[(151)-127.0.0.1][0;39m [36minMXBeanRegistrar$SpringApplicationAdmin[0;39m [2m:[0;39m Application shutdown requested.
[2m2022-11-14 18:00:56.301[0;39m [33m WARN[0;39m [35m1088[0;39m [2m---[0;39m [2m[(151)-127.0.0.1][0;39m [36mo.a.c.loader.WebappClassLoaderBase      [0;39m [2m:[0;39m The web application [vue] appears to have started a thread named [HikariPool-1 housekeeper] but has failed to stop it. This is very likely to create a memory leak. Stack trace of thread:
 sun.misc.Unsafe.park(Native Method)
 java.util.concurrent.locks.LockSupport.parkNanos(LockSupport.java:215)
 java.util.concurrent.locks.AbstractQueuedSynchronizer$ConditionObject.awaitNanos(AbstractQueuedSynchronizer.java:2078)
 java.util.concurrent.ScheduledThreadPoolExecutor$DelayedWorkQueue.take(ScheduledThreadPoolExecutor.java:1093)
 java.util.concurrent.ScheduledThreadPoolExecutor$DelayedWorkQueue.take(ScheduledThreadPoolExecutor.java:809)
 java.util.concurrent.ThreadPoolExecutor.getTask(ThreadPoolExecutor.java:1074)
 java.util.concurrent.ThreadPoolExecutor.runWorker(ThreadPoolExecutor.java:1134)
 java.util.concurrent.ThreadPoolExecutor$Worker.run(ThreadPoolExecutor.java:624)
 java.lang.Thread.run(Thread.java:748)
